This is pdfTeX, Version 3.14159265-2.6-1.40.21 (TeX Live 2020/W32TeX) (preloaded format=pdflatex 2021.3.31)  1 APR 2021 16:39
entering extended mode
 restricted \write18 enabled.
 %&-line parsing enabled.
**CYO_DryBeanDataset.tex
(./CYO_DryBeanDataset.tex
LaTeX2e <2020-10-01> patch level 4
L3 programming layer <2021-02-18> (c:/Users/abent/AppData/Roaming/TinyTeX/texmf
-dist/tex/latex/base/article.cls
Document Class: article 2020/04/10 v1.4m Standard LaTeX document class
(c:/Users/abent/AppData/Roaming/TinyTeX/texmf-dist/tex/latex/base/size10.clo
File: size10.clo 2020/04/10 v1.4m Standard LaTeX file (size option)
)
\c@part=\count179
\c@section=\count180
\c@subsection=\count181
\c@subsubsection=\count182
\c@paragraph=\count183
\c@subparagraph=\count184
\c@figure=\count185
\c@table=\count186
\abovecaptionskip=\skip47
\belowcaptionskip=\skip48
\bibindent=\dimen138
) (c:/Users/abent/AppData/Roaming/TinyTeX/texmf-dist/tex/latex/lm/lmodern.sty
Package: lmodern 2009/10/30 v1.6 Latin Modern Fonts
LaTeX Font Info:    Overwriting symbol font `operators' in version `normal'
(Font)                  OT1/cmr/m/n --> OT1/lmr/m/n on input line 22.
LaTeX Font Info:    Overwriting symbol font `letters' in version `normal'
(Font)                  OML/cmm/m/it --> OML/lmm/m/it on input line 23.
LaTeX Font Info:    Overwriting symbol font `symbols' in version `normal'
(Font)                  OMS/cmsy/m/n --> OMS/lmsy/m/n on input line 24.
LaTeX Font Info:    Overwriting symbol font `largesymbols' in version `normal'
(Font)                  OMX/cmex/m/n --> OMX/lmex/m/n on input line 25.
LaTeX Font Info:    Overwriting symbol font `operators' in version `bold'
(Font)                  OT1/cmr/bx/n --> OT1/lmr/bx/n on input line 26.
LaTeX Font Info:    Overwriting symbol font `letters' in version `bold'
(Font)                  OML/cmm/b/it --> OML/lmm/b/it on input line 27.
LaTeX Font Info:    Overwriting symbol font `symbols' in version `bold'
(Font)                  OMS/cmsy/b/n --> OMS/lmsy/b/n on input line 28.
LaTeX Font Info:    Overwriting symbol font `largesymbols' in version `bold'
(Font)                  OMX/cmex/m/n --> OMX/lmex/m/n on input line 29.
LaTeX Font Info:    Overwriting math alphabet `\mathbf' in version `normal'
(Font)                  OT1/cmr/bx/n --> OT1/lmr/bx/n on input line 31.
LaTeX Font Info:    Overwriting math alphabet `\mathsf' in version `normal'
(Font)                  OT1/cmss/m/n --> OT1/lmss/m/n on input line 32.
LaTeX Font Info:    Overwriting math alphabet `\mathit' in version `normal'
(Font)                  OT1/cmr/m/it --> OT1/lmr/m/it on input line 33.
LaTeX Font Info:    Overwriting math alphabet `\mathtt' in version `normal'
(Font)                  OT1/cmtt/m/n --> OT1/lmtt/m/n on input line 34.
LaTeX Font Info:    Overwriting math alphabet `\mathbf' in version `bold'
(Font)                  OT1/cmr/bx/n --> OT1/lmr/bx/n on input line 35.
LaTeX Font Info:    Overwriting math alphabet `\mathsf' in version `bold'
(Font)                  OT1/cmss/bx/n --> OT1/lmss/bx/n on input line 36.
LaTeX Font Info:    Overwriting math alphabet `\mathit' in version `bold'
(Font)                  OT1/cmr/bx/it --> OT1/lmr/bx/it on input line 37.
LaTeX Font Info:    Overwriting math alphabet `\mathtt' in version `bold'
(Font)                  OT1/cmtt/m/n --> OT1/lmtt/m/n on input line 38.
)
(c:/Users/abent/AppData/Roaming/TinyTeX/texmf-dist/tex/latex/amsmath/amsmath.st
y
Package: amsmath 2020/09/23 v2.17i AMS math features
\@mathmargin=\skip49
For additional information on amsmath, use the `?' option.

(c:/Users/abent/AppData/Roaming/TinyTeX/texmf-dist/tex/latex/amsmath/amstext.st
y
Package: amstext 2000/06/29 v2.01 AMS text

(c:/Users/abent/AppData/Roaming/TinyTeX/texmf-dist/tex/latex/amsmath/amsgen.sty
File: amsgen.sty 1999/11/30 v2.0 generic functions
\@emptytoks=\toks15
\ex@=\dimen139
))
(c:/Users/abent/AppData/Roaming/TinyTeX/texmf-dist/tex/latex/amsmath/amsbsy.sty
Package: amsbsy 1999/11/29 v1.2d Bold Symbols
\pmbraise@=\dimen140
)
(c:/Users/abent/AppData/Roaming/TinyTeX/texmf-dist/tex/latex/amsmath/amsopn.sty
Package: amsopn 2016/03/08 v2.02 operator names
)
\inf@bad=\count187
LaTeX Info: Redefining \frac on input line 234.
\uproot@=\count188
\leftroot@=\count189
LaTeX Info: Redefining \overline on input line 399.
\classnum@=\count190
\DOTSCASE@=\count191
LaTeX Info: Redefining \ldots on input line 496.
LaTeX Info: Redefining \dots on input line 499.
LaTeX Info: Redefining \cdots on input line 620.
\Mathstrutbox@=\box47
\strutbox@=\box48
\big@size=\dimen141
LaTeX Font Info:    Redeclaring font encoding OML on input line 743.
LaTeX Font Info:    Redeclaring font encoding OMS on input line 744.
\macc@depth=\count192
\c@MaxMatrixCols=\count193
\dotsspace@=\muskip16
\c@parentequation=\count194
\dspbrk@lvl=\count195
\tag@help=\toks16
\row@=\count196
\column@=\count197
\maxfields@=\count198
\andhelp@=\toks17
\eqnshift@=\dimen142
\alignsep@=\dimen143
\tagshift@=\dimen144
\tagwidth@=\dimen145
\totwidth@=\dimen146
\lineht@=\dimen147
\@envbody=\toks18
\multlinegap=\skip50
\multlinetaggap=\skip51
\mathdisplay@stack=\toks19
LaTeX Info: Redefining \[ on input line 2923.
LaTeX Info: Redefining \] on input line 2924.
)
(c:/Users/abent/AppData/Roaming/TinyTeX/texmf-dist/tex/generic/iftex/ifxetex.st
y
Package: ifxetex 2019/10/25 v0.7 ifxetex legacy package. Use iftex instead.
(c:/Users/abent/AppData/Roaming/TinyTeX/texmf-dist/tex/generic/iftex/iftex.sty
Package: iftex 2020/03/06 v1.0d TeX engine tests
))
(c:/Users/abent/AppData/Roaming/TinyTeX/texmf-dist/tex/generic/iftex/ifluatex.s
ty
Package: ifluatex 2019/10/25 v1.5 ifluatex legacy package. Use iftex instead.
) (c:/Users/abent/AppData/Roaming/TinyTeX/texmf-dist/tex/latex/base/fontenc.sty
Package: fontenc 2020/08/10 v2.0s Standard LaTeX package
LaTeX Font Info:    Trying to load font information for T1+lmr on input line 11
2.
(c:/Users/abent/AppData/Roaming/TinyTeX/texmf-dist/tex/latex/lm/t1lmr.fd
File: t1lmr.fd 2009/10/30 v1.6 Font defs for Latin Modern
)) (c:/Users/abent/AppData/Roaming/TinyTeX/texmf-dist/tex/latex/base/inputenc.s
ty
Package: inputenc 2020/08/01 v1.3d Input encoding file
\inpenc@prehook=\toks20
\inpenc@posthook=\toks21
) (c:/Users/abent/AppData/Roaming/TinyTeX/texmf-dist/tex/latex/base/textcomp.st
y
Package: textcomp 2020/02/02 v2.0n Standard LaTeX package
)
(c:/Users/abent/AppData/Roaming/TinyTeX/texmf-dist/tex/latex/amsfonts/amssymb.s
ty
Package: amssymb 2013/01/14 v3.01 AMS font symbols

(c:/Users/abent/AppData/Roaming/TinyTeX/texmf-dist/tex/latex/amsfonts/amsfonts.
sty
Package: amsfonts 2013/01/14 v3.01 Basic AMSFonts support
\symAMSa=\mathgroup4
\symAMSb=\mathgroup5
LaTeX Font Info:    Redeclaring math symbol \hbar on input line 98.
LaTeX Font Info:    Overwriting math alphabet `\mathfrak' in version `bold'
(Font)                  U/euf/m/n --> U/euf/b/n on input line 106.
)) (c:/Users/abent/AppData/Roaming/TinyTeX/texmf-dist/tex/latex/xcolor/xcolor.s
ty
Package: xcolor 2016/05/11 v2.12 LaTeX color extensions (UK)

(c:/Users/abent/AppData/Roaming/TinyTeX/texmf-dist/tex/latex/graphics-cfg/color
.cfg
File: color.cfg 2016/01/02 v1.6 sample color configuration
)
Package xcolor Info: Driver file: pdftex.def on input line 225.

(c:/Users/abent/AppData/Roaming/TinyTeX/texmf-dist/tex/latex/graphics-def/pdfte
x.def
File: pdftex.def 2020/10/05 v1.2a Graphics/color driver for pdftex
)
Package xcolor Info: Model `cmy' substituted by `cmy0' on input line 1348.
Package xcolor Info: Model `hsb' substituted by `rgb' on input line 1352.
Package xcolor Info: Model `RGB' extended on input line 1364.
Package xcolor Info: Model `HTML' substituted by `rgb' on input line 1366.
Package xcolor Info: Model `Hsb' substituted by `hsb' on input line 1367.
Package xcolor Info: Model `tHsb' substituted by `hsb' on input line 1368.
Package xcolor Info: Model `HSB' substituted by `hsb' on input line 1369.
Package xcolor Info: Model `Gray' substituted by `gray' on input line 1370.
Package xcolor Info: Model `wave' substituted by `hsb' on input line 1371.

(c:/Users/abent/AppData/Roaming/TinyTeX/texmf-dist/tex/latex/graphics/dvipsnam.
def
File: dvipsnam.def 2016/06/17 v3.0m Driver-dependent file (DPC,SPQR)
) (c:/Users/abent/AppData/Roaming/TinyTeX/texmf-dist/tex/latex/xcolor/svgnam.de
f
File: svgnam.def 2016/05/11 v2.12 Predefined colors according to SVG 1.1 (UK)
) (c:/Users/abent/AppData/Roaming/TinyTeX/texmf-dist/tex/latex/xcolor/x11nam.de
f
File: x11nam.def 2016/05/11 v2.12 Predefined colors according to Unix/X11 (UK)
))
(c:/Users/abent/AppData/Roaming/TinyTeX/texmf-dist/tex/latex/hyperref/hyperref.
sty
Package: hyperref 2021-02-27 v7.00k Hypertext links for LaTeX

(c:/Users/abent/AppData/Roaming/TinyTeX/texmf-dist/tex/generic/ltxcmds/ltxcmds.
sty
Package: ltxcmds 2020-05-10 v1.25 LaTeX kernel commands for general use (HO)
)
(c:/Users/abent/AppData/Roaming/TinyTeX/texmf-dist/tex/generic/pdftexcmds/pdfte
xcmds.sty
Package: pdftexcmds 2020-06-27 v0.33 Utility functions of pdfTeX for LuaTeX (HO
)

(c:/Users/abent/AppData/Roaming/TinyTeX/texmf-dist/tex/generic/infwarerr/infwar
err.sty
Package: infwarerr 2019/12/03 v1.5 Providing info/warning/error messages (HO)
)
Package pdftexcmds Info: \pdf@primitive is available.
Package pdftexcmds Info: \pdf@ifprimitive is available.
Package pdftexcmds Info: \pdfdraftmode found.
)
(c:/Users/abent/AppData/Roaming/TinyTeX/texmf-dist/tex/latex/graphics/keyval.st
y
Package: keyval 2014/10/28 v1.15 key=value parser (DPC)
\KV@toks@=\toks22
)
(c:/Users/abent/AppData/Roaming/TinyTeX/texmf-dist/tex/generic/kvsetkeys/kvsetk
eys.sty
Package: kvsetkeys 2019/12/15 v1.18 Key value parser (HO)
)
(c:/Users/abent/AppData/Roaming/TinyTeX/texmf-dist/tex/generic/kvdefinekeys/kvd
efinekeys.sty
Package: kvdefinekeys 2019-12-19 v1.6 Define keys (HO)
)
(c:/Users/abent/AppData/Roaming/TinyTeX/texmf-dist/tex/generic/pdfescape/pdfesc
ape.sty
Package: pdfescape 2019/12/09 v1.15 Implements pdfTeX's escape features (HO)
)
(c:/Users/abent/AppData/Roaming/TinyTeX/texmf-dist/tex/latex/hycolor/hycolor.st
y
Package: hycolor 2020-01-27 v1.10 Color options for hyperref/bookmark (HO)
)
(c:/Users/abent/AppData/Roaming/TinyTeX/texmf-dist/tex/latex/letltxmacro/letltx
macro.sty
Package: letltxmacro 2019/12/03 v1.6 Let assignment for LaTeX macros (HO)
)
(c:/Users/abent/AppData/Roaming/TinyTeX/texmf-dist/tex/latex/auxhook/auxhook.st
y
Package: auxhook 2019-12-17 v1.6 Hooks for auxiliary files (HO)
)
(c:/Users/abent/AppData/Roaming/TinyTeX/texmf-dist/tex/latex/kvoptions/kvoption
s.sty
Package: kvoptions 2020-10-07 v3.14 Key value format for package options (HO)
)
\@linkdim=\dimen148
\Hy@linkcounter=\count199
\Hy@pagecounter=\count266

(c:/Users/abent/AppData/Roaming/TinyTeX/texmf-dist/tex/latex/hyperref/pd1enc.de
f
File: pd1enc.def 2021-02-27 v7.00k Hyperref: PDFDocEncoding definition (HO)
Now handling font encoding PD1 ...
... no UTF-8 mapping file for font encoding PD1
)
(c:/Users/abent/AppData/Roaming/TinyTeX/texmf-dist/tex/latex/hyperref/hyperref-
langpatches.def
File: hyperref-langpatches.def 2021-02-27 v7.00k Hyperref: patches for babel la
nguages
)
(c:/Users/abent/AppData/Roaming/TinyTeX/texmf-dist/tex/generic/intcalc/intcalc.
sty
Package: intcalc 2019/12/15 v1.3 Expandable calculations with integers (HO)
)
(c:/Users/abent/AppData/Roaming/TinyTeX/texmf-dist/tex/generic/etexcmds/etexcmd
s.sty
Package: etexcmds 2019/12/15 v1.7 Avoid name clashes with e-TeX commands (HO)
)
\Hy@SavedSpaceFactor=\count267

(c:/Users/abent/AppData/Roaming/TinyTeX/texmf-dist/tex/latex/hyperref/puenc.def
File: puenc.def 2021-02-27 v7.00k Hyperref: PDF Unicode definition (HO)
Now handling font encoding PU ...
... no UTF-8 mapping file for font encoding PU
)
Package hyperref Info: Option `unicode' set `true' on input line 4073.
Package hyperref Info: Hyper figures OFF on input line 4192.
Package hyperref Info: Link nesting OFF on input line 4197.
Package hyperref Info: Hyper index ON on input line 4200.
Package hyperref Info: Plain pages OFF on input line 4207.
Package hyperref Info: Backreferencing OFF on input line 4212.
Package hyperref Info: Implicit mode ON; LaTeX internals redefined.
Package hyperref Info: Bookmarks ON on input line 4445.
\c@Hy@tempcnt=\count268
(c:/Users/abent/AppData/Roaming/TinyTeX/texmf-dist/tex/latex/url/url.sty
\Urlmuskip=\muskip17
Package: url 2013/09/16  ver 3.4  Verb mode for urls, etc.
)
LaTeX Info: Redefining \url on input line 4804.
\XeTeXLinkMargin=\dimen149

(c:/Users/abent/AppData/Roaming/TinyTeX/texmf-dist/tex/generic/bitset/bitset.st
y
Package: bitset 2019/12/09 v1.3 Handle bit-vector datatype (HO)

(c:/Users/abent/AppData/Roaming/TinyTeX/texmf-dist/tex/generic/bigintcalc/bigin
tcalc.sty
Package: bigintcalc 2019/12/15 v1.5 Expandable calculations on big integers (HO
)
))
\Fld@menulength=\count269
\Field@Width=\dimen150
\Fld@charsize=\dimen151
Package hyperref Info: Hyper figures OFF on input line 6075.
Package hyperref Info: Link nesting OFF on input line 6080.
Package hyperref Info: Hyper index ON on input line 6083.
Package hyperref Info: backreferencing OFF on input line 6090.
Package hyperref Info: Link coloring OFF on input line 6095.
Package hyperref Info: Link coloring with OCG OFF on input line 6100.
Package hyperref Info: PDF/A mode OFF on input line 6105.
LaTeX Info: Redefining \ref on input line 6145.
LaTeX Info: Redefining \pageref on input line 6149.

(c:/Users/abent/AppData/Roaming/TinyTeX/texmf-dist/tex/latex/base/atbegshi-ltx.
sty
Package: atbegshi-ltx 2020/08/17 v1.0a Emulation of the original atbegshi packa
ge
with kernel methods
)
\Hy@abspage=\count270
\c@Item=\count271
\c@Hfootnote=\count272
)
Package hyperref Info: Driver (autodetected): hpdftex.

(c:/Users/abent/AppData/Roaming/TinyTeX/texmf-dist/tex/latex/hyperref/hpdftex.d
ef
File: hpdftex.def 2021-02-27 v7.00k Hyperref driver for pdfTeX

(c:/Users/abent/AppData/Roaming/TinyTeX/texmf-dist/tex/latex/base/atveryend-ltx
.sty
Package: atveryend-ltx 2020/08/19 v1.0a Emulation of the original atvery packag
e
with kernel methods
)
\Fld@listcount=\count273
\c@bookmark@seq@number=\count274

(c:/Users/abent/AppData/Roaming/TinyTeX/texmf-dist/tex/latex/rerunfilecheck/rer
unfilecheck.sty
Package: rerunfilecheck 2019/12/05 v1.9 Rerun checks for auxiliary files (HO)

(c:/Users/abent/AppData/Roaming/TinyTeX/texmf-dist/tex/generic/uniquecounter/un
iquecounter.sty
Package: uniquecounter 2019/12/15 v1.4 Provide unlimited unique counter (HO)
)
Package uniquecounter Info: New unique counter `rerunfilecheck' on input line 2
86.
)
\Hy@SectionHShift=\skip52
)
Package hyperref Info: Option `colorlinks' set `true' on input line 49.

(c:/Users/abent/AppData/Roaming/TinyTeX/texmf-dist/tex/latex/geometry/geometry.
sty
Package: geometry 2020/01/02 v5.9 Page Geometry

(c:/Users/abent/AppData/Roaming/TinyTeX/texmf-dist/tex/generic/iftex/ifvtex.sty
Package: ifvtex 2019/10/25 v1.7 ifvtex legacy package. Use iftex instead.
)
\Gm@cnth=\count275
\Gm@cntv=\count276
\c@Gm@tempcnt=\count277
\Gm@bindingoffset=\dimen152
\Gm@wd@mp=\dimen153
\Gm@odd@mp=\dimen154
\Gm@even@mp=\dimen155
\Gm@layoutwidth=\dimen156
\Gm@layoutheight=\dimen157
\Gm@layouthoffset=\dimen158
\Gm@layoutvoffset=\dimen159
\Gm@dimlist=\toks23
)
(c:/Users/abent/AppData/Roaming/TinyTeX/texmf-dist/tex/latex/fancyvrb/fancyvrb.
sty
Package: fancyvrb 2021/01/20 v3.7 verbatim text (tvz,hv)
\FV@CodeLineNo=\count278
\FV@InFile=\read2
\FV@TabBox=\box49
\c@FancyVerbLine=\count279
\FV@StepNumber=\count280
\FV@OutFile=\write3
) (c:/Users/abent/AppData/Roaming/TinyTeX/texmf-dist/tex/latex/framed/framed.st
y
Package: framed 2011/10/22 v 0.96: framed or shaded text with page breaks
\OuterFrameSep=\skip53
\fb@frw=\dimen160
\fb@frh=\dimen161
\FrameRule=\dimen162
\FrameSep=\dimen163
)
(c:/Users/abent/AppData/Roaming/TinyTeX/texmf-dist/tex/latex/tools/longtable.st
y
Package: longtable 2020/01/07 v4.13 Multi-page Table package (DPC)
\LTleft=\skip54
\LTright=\skip55
\LTpre=\skip56
\LTpost=\skip57
\LTchunksize=\count281
\LTcapwidth=\dimen164
\LT@head=\box50
\LT@firsthead=\box51
\LT@foot=\box52
\LT@lastfoot=\box53
\LT@cols=\count282
\LT@rows=\count283
\c@LT@tables=\count284
\c@LT@chunks=\count285
\LT@p@ftn=\toks24
)
(c:/Users/abent/AppData/Roaming/TinyTeX/texmf-dist/tex/latex/booktabs/booktabs.
sty
Package: booktabs 2020/01/12 v1.61803398 Publication quality tables
\heavyrulewidth=\dimen165
\lightrulewidth=\dimen166
\cmidrulewidth=\dimen167
\belowrulesep=\dimen168
\belowbottomsep=\dimen169
\aboverulesep=\dimen170
\abovetopsep=\dimen171
\cmidrulesep=\dimen172
\cmidrulekern=\dimen173
\defaultaddspace=\dimen174
\@cmidla=\count286
\@cmidlb=\count287
\@aboverulesep=\dimen175
\@belowrulesep=\dimen176
\@thisruleclass=\count288
\@lastruleclass=\count289
\@thisrulewidth=\dimen177
) (c:/Users/abent/AppData/Roaming/TinyTeX/texmf-dist/tex/latex/tools/calc.sty
Package: calc 2017/05/25 v4.3 Infix arithmetic (KKT,FJ)
\calc@Acount=\count290
\calc@Bcount=\count291
\calc@Adimen=\dimen178
\calc@Bdimen=\dimen179
\calc@Askip=\skip58
\calc@Bskip=\skip59
LaTeX Info: Redefining \setlength on input line 80.
LaTeX Info: Redefining \addtolength on input line 81.
\calc@Ccount=\count292
\calc@Cskip=\skip60
)
(c:/Users/abent/AppData/Roaming/TinyTeX/texmf-dist/tex/latex/etoolbox/etoolbox.
sty
Package: etoolbox 2020/10/05 v2.5k e-TeX tools for LaTeX (JAW)
\etb@tempcnta=\count293
)
(c:/Users/abent/AppData/Roaming/TinyTeX/texmf-dist/tex/latex/mdwtools/footnote.
sty
Package: footnote 1997/01/28 1.13 Save footnotes around boxes
\fn@notes=\box54
\fn@width=\dimen180
)
(c:/Users/abent/AppData/Roaming/TinyTeX/texmf-dist/tex/latex/graphics/graphicx.
sty
Package: graphicx 2020/09/09 v1.2b Enhanced LaTeX Graphics (DPC,SPQR)

(c:/Users/abent/AppData/Roaming/TinyTeX/texmf-dist/tex/latex/graphics/graphics.
sty
Package: graphics 2020/08/30 v1.4c Standard LaTeX Graphics (DPC,SPQR)
(c:/Users/abent/AppData/Roaming/TinyTeX/texmf-dist/tex/latex/graphics/trig.sty
Package: trig 2016/01/03 v1.10 sin cos tan (DPC)
)
(c:/Users/abent/AppData/Roaming/TinyTeX/texmf-dist/tex/latex/graphics-cfg/graph
ics.cfg
File: graphics.cfg 2016/06/04 v1.11 sample graphics configuration
)
Package graphics Info: Driver file: pdftex.def on input line 105.
)
\Gin@req@height=\dimen181
\Gin@req@width=\dimen182
)
(c:/Users/abent/AppData/Roaming/TinyTeX/texmf-dist/tex/latex/l3backend/l3backen
d-pdftex.def
File: l3backend-pdftex.def 2021-03-18 L3 backend support: PDF output (pdfTeX)
\l__color_backend_stack_int=\count294
\l__pdf_internal_box=\box55
)

LaTeX Warning: Unused global option(s):
    [11].

(./CYO_DryBeanDataset.aux)
\openout1 = `CYO_DryBeanDataset.aux'.

LaTeX Font Info:    Checking defaults for OML/cmm/m/it on input line 127.
LaTeX Font Info:    ... okay on input line 127.
LaTeX Font Info:    Checking defaults for OMS/cmsy/m/n on input line 127.
LaTeX Font Info:    ... okay on input line 127.
LaTeX Font Info:    Checking defaults for OT1/cmr/m/n on input line 127.
LaTeX Font Info:    ... okay on input line 127.
LaTeX Font Info:    Checking defaults for T1/cmr/m/n on input line 127.
LaTeX Font Info:    ... okay on input line 127.
LaTeX Font Info:    Checking defaults for TS1/cmr/m/n on input line 127.
LaTeX Font Info:    ... okay on input line 127.
LaTeX Font Info:    Checking defaults for OMX/cmex/m/n on input line 127.
LaTeX Font Info:    ... okay on input line 127.
LaTeX Font Info:    Checking defaults for U/cmr/m/n on input line 127.
LaTeX Font Info:    ... okay on input line 127.
LaTeX Font Info:    Checking defaults for PD1/pdf/m/n on input line 127.
LaTeX Font Info:    ... okay on input line 127.
LaTeX Font Info:    Checking defaults for PU/pdf/m/n on input line 127.
LaTeX Font Info:    ... okay on input line 127.

(c:/Users/abent/AppData/Roaming/TinyTeX/texmf-dist/tex/latex/epstopdf-pkg/epsto
pdf-base.sty
Package: epstopdf-base 2020-01-24 v2.11 Base part for package epstopdf
Package epstopdf-base Info: Redefining graphics rule for `.eps' on input line 4
85.

(c:/Users/abent/AppData/Roaming/TinyTeX/texmf-dist/tex/latex/latexconfig/epstop
df-sys.cfg
File: epstopdf-sys.cfg 2010/07/13 v1.3 Configuration of (r)epstopdf for TeX Liv
e
))
Package hyperref Info: Link coloring ON on input line 127.

(c:/Users/abent/AppData/Roaming/TinyTeX/texmf-dist/tex/latex/hyperref/nameref.s
ty
Package: nameref 2021-04-02 v2.47 Cross-referencing by name of section

(c:/Users/abent/AppData/Roaming/TinyTeX/texmf-dist/tex/latex/refcount/refcount.
sty
Package: refcount 2019/12/15 v3.6 Data extraction from label references (HO)
)
(c:/Users/abent/AppData/Roaming/TinyTeX/texmf-dist/tex/generic/gettitlestring/g
ettitlestring.sty
Package: gettitlestring 2019/12/15 v1.6 Cleanup title references (HO)
)
\c@section@level=\count295
)
LaTeX Info: Redefining \ref on input line 127.
LaTeX Info: Redefining \pageref on input line 127.
LaTeX Info: Redefining \nameref on input line 127.
(./CYO_DryBeanDataset.out) (./CYO_DryBeanDataset.out)
\@outlinefile=\write4
\openout4 = `CYO_DryBeanDataset.out'.

*geometry* driver: auto-detecting
*geometry* detected driver: pdftex
*geometry* verbose mode - [ preamble ] result:
* driver: pdftex
* paper: <default>
* layout: <same size as paper>
* layoutoffset:(h,v)=(0.0pt,0.0pt)
* modes: 
* h-part:(L,W,R)=(86.72377pt, 440.84746pt, 86.72377pt)
* v-part:(T,H,B)=(86.72377pt, 621.52245pt, 86.72377pt)
* \paperwidth=614.295pt
* \paperheight=794.96999pt
* \textwidth=440.84746pt
* \textheight=621.52245pt
* \oddsidemargin=14.45378pt
* \evensidemargin=14.45378pt
* \topmargin=-22.54622pt
* \headheight=12.0pt
* \headsep=25.0pt
* \topskip=10.0pt
* \footskip=30.0pt
* \marginparwidth=65.0pt
* \marginparsep=11.0pt
* \columnsep=10.0pt
* \skip\footins=9.0pt plus 4.0pt minus 2.0pt
* \hoffset=0.0pt
* \voffset=0.0pt
* \mag=1000
* \@twocolumnfalse
* \@twosidefalse
* \@mparswitchfalse
* \@reversemarginfalse
* (1in=72.27pt=25.4mm, 1cm=28.453pt)

LaTeX Font Info:    Trying to load font information for OT1+lmr on input line 1
29.
(c:/Users/abent/AppData/Roaming/TinyTeX/texmf-dist/tex/latex/lm/ot1lmr.fd
File: ot1lmr.fd 2009/10/30 v1.6 Font defs for Latin Modern
)
LaTeX Font Info:    Trying to load font information for OML+lmm on input line 1
29.
(c:/Users/abent/AppData/Roaming/TinyTeX/texmf-dist/tex/latex/lm/omllmm.fd
File: omllmm.fd 2009/10/30 v1.6 Font defs for Latin Modern
)
LaTeX Font Info:    Trying to load font information for OMS+lmsy on input line 
129.
(c:/Users/abent/AppData/Roaming/TinyTeX/texmf-dist/tex/latex/lm/omslmsy.fd
File: omslmsy.fd 2009/10/30 v1.6 Font defs for Latin Modern
)
LaTeX Font Info:    Trying to load font information for OMX+lmex on input line 
129.
(c:/Users/abent/AppData/Roaming/TinyTeX/texmf-dist/tex/latex/lm/omxlmex.fd
File: omxlmex.fd 2009/10/30 v1.6 Font defs for Latin Modern
)
LaTeX Font Info:    External font `lmex10' loaded for size
(Font)              <12> on input line 129.
LaTeX Font Info:    External font `lmex10' loaded for size
(Font)              <8> on input line 129.
LaTeX Font Info:    External font `lmex10' loaded for size
(Font)              <6> on input line 129.
LaTeX Font Info:    Trying to load font information for U+msa on input line 129
.
(c:/Users/abent/AppData/Roaming/TinyTeX/texmf-dist/tex/latex/amsfonts/umsa.fd
File: umsa.fd 2013/01/14 v3.01 AMS symbols A
)
LaTeX Font Info:    Trying to load font information for U+msb on input line 129
.
(c:/Users/abent/AppData/Roaming/TinyTeX/texmf-dist/tex/latex/amsfonts/umsb.fd
File: umsb.fd 2013/01/14 v3.01 AMS symbols B
) (./CYO_DryBeanDataset.toc
LaTeX Font Info:    External font `lmex10' loaded for size
(Font)              <10> on input line 2.
LaTeX Font Info:    External font `lmex10' loaded for size
(Font)              <7> on input line 2.
LaTeX Font Info:    External font `lmex10' loaded for size
(Font)              <5> on input line 2.
)
\tf@toc=\write5
\openout5 = `CYO_DryBeanDataset.toc'.

[1

{c:/Users/abent/AppData/Roaming/TinyTeX/texmf-var/fonts/map/pdftex/updmap/pdfte
x.map}] [2]
LaTeX Font Info:    Trying to load font information for T1+lmtt on input line 2
49.
(c:/Users/abent/AppData/Roaming/TinyTeX/texmf-dist/tex/latex/lm/t1lmtt.fd
File: t1lmtt.fd 2009/10/30 v1.6 Font defs for Latin Modern
)
LaTeX Font Info:    Font shape `T1/lmtt/bx/n' in size <10> not available
(Font)              Font shape `T1/lmtt/b/n' tried instead on input line 252.
[3]
LaTeX Font Info:    Trying to load font information for TS1+lmtt on input line 
323.
(c:/Users/abent/AppData/Roaming/TinyTeX/texmf-dist/tex/latex/lm/ts1lmtt.fd
File: ts1lmtt.fd 2009/10/30 v1.6 Font defs for Latin Modern
) [4] [5]
<CYO_DryBeanDataset_files/figure-latex/barchart_class-1.pdf, id=191, 469.755pt 
x 325.215pt>
File: CYO_DryBeanDataset_files/figure-latex/barchart_class-1.pdf Graphic file (
type pdf)
<use CYO_DryBeanDataset_files/figure-latex/barchart_class-1.pdf>
Package pdftex.def Info: CYO_DryBeanDataset_files/figure-latex/barchart_class-1
.pdf  used on input line 454.
(pdftex.def)             Requested size: 440.84581pt x 305.20094pt.
<CYO_DryBeanDataset_files/figure-latex/boxplot-1.pdf, id=192, 469.755pt x 325.2
15pt>
File: CYO_DryBeanDataset_files/figure-latex/boxplot-1.pdf Graphic file (type pd
f)
<use CYO_DryBeanDataset_files/figure-latex/boxplot-1.pdf>
Package pdftex.def Info: CYO_DryBeanDataset_files/figure-latex/boxplot-1.pdf  u
sed on input line 463.
(pdftex.def)             Requested size: 440.84581pt x 305.20094pt.
<CYO_DryBeanDataset_files/figure-latex/boxplot-2.pdf, id=193, 469.755pt x 325.2
15pt>
File: CYO_DryBeanDataset_files/figure-latex/boxplot-2.pdf Graphic file (type pd
f)
<use CYO_DryBeanDataset_files/figure-latex/boxplot-2.pdf>
Package pdftex.def Info: CYO_DryBeanDataset_files/figure-latex/boxplot-2.pdf  u
sed on input line 464.
(pdftex.def)             Requested size: 440.84581pt x 305.20094pt.
<CYO_DryBeanDataset_files/figure-latex/boxplot-3.pdf, id=194, 469.755pt x 325.2
15pt>
File: CYO_DryBeanDataset_files/figure-latex/boxplot-3.pdf Graphic file (type pd
f)
<use CYO_DryBeanDataset_files/figure-latex/boxplot-3.pdf>
Package pdftex.def Info: CYO_DryBeanDataset_files/figure-latex/boxplot-3.pdf  u
sed on input line 465.
(pdftex.def)             Requested size: 440.84581pt x 305.20094pt.
<CYO_DryBeanDataset_files/figure-latex/boxplot-4.pdf, id=195, 469.755pt x 325.2
15pt>
File: CYO_DryBeanDataset_files/figure-latex/boxplot-4.pdf Graphic file (type pd
f)
<use CYO_DryBeanDataset_files/figure-latex/boxplot-4.pdf>
Package pdftex.def Info: CYO_DryBeanDataset_files/figure-latex/boxplot-4.pdf  u
sed on input line 466.
(pdftex.def)             Requested size: 440.84581pt x 305.20094pt.

Underfull \hbox (badness 10000) in paragraph at lines 463--467
[][]
 []


Underfull \hbox (badness 10000) in paragraph at lines 463--467
[]
 []


Underfull \hbox (badness 10000) in paragraph at lines 463--467
[]
 []

[6 <./CYO_DryBeanDataset_files/figure-latex/barchart_class-1.pdf>] [7 <./CYO_Dr
yBeanDataset_files/figure-latex/boxplot-1.pdf> <./CYO_DryBeanDataset_files/figu
re-latex/boxplot-2.pdf>] [8 <./CYO_DryBeanDataset_files/figure-latex/boxplot-3.
pdf> <./CYO_DryBeanDataset_files/figure-latex/boxplot-4.pdf>]
<CYO_DryBeanDataset_files/figure-latex/area_peri_plot-1.pdf, id=235, 469.755pt 
x 325.215pt>
File: CYO_DryBeanDataset_files/figure-latex/area_peri_plot-1.pdf Graphic file (
type pdf)
<use CYO_DryBeanDataset_files/figure-latex/area_peri_plot-1.pdf>
Package pdftex.def Info: CYO_DryBeanDataset_files/figure-latex/area_peri_plot-1
.pdf  used on input line 486.
(pdftex.def)             Requested size: 440.84581pt x 305.20094pt.
<CYO_DryBeanDataset_files/figure-latex/area_solid_plot-1.pdf, id=236, 469.755pt
 x 325.215pt>
File: CYO_DryBeanDataset_files/figure-latex/area_solid_plot-1.pdf Graphic file 
(type pdf)
<use CYO_DryBeanDataset_files/figure-latex/area_solid_plot-1.pdf>
Package pdftex.def Info: CYO_DryBeanDataset_files/figure-latex/area_solid_plot-
1.pdf  used on input line 490.
(pdftex.def)             Requested size: 440.84581pt x 305.20094pt.
[9 <./CYO_DryBeanDataset_files/figure-latex/area_peri_plot-1.pdf>]
<CYO_DryBeanDataset_files/figure-latex/area_sf4_plot-1.pdf, id=247, 469.755pt x
 325.215pt>
File: CYO_DryBeanDataset_files/figure-latex/area_sf4_plot-1.pdf Graphic file (t
ype pdf)
<use CYO_DryBeanDataset_files/figure-latex/area_sf4_plot-1.pdf>
Package pdftex.def Info: CYO_DryBeanDataset_files/figure-latex/area_sf4_plot-1.
pdf  used on input line 494.
(pdftex.def)             Requested size: 440.84581pt x 305.20094pt.
[10 <./CYO_DryBeanDataset_files/figure-latex/area_solid_plot-1.pdf>] [11 <./CYO
_DryBeanDataset_files/figure-latex/area_sf4_plot-1.pdf>] [12]
Overfull \hbox (21.51141pt too wide) detected at line 627
\OML/lmm/m/it/10 ln\OT1/lmr/m/n/10 (\OML/lmm/m/it/10 P\OT1/lmr/m/n/10 (\OML/lmm
/m/it/10 Class \OT1/lmr/m/n/10 = \OML/lmm/m/it/10 Bombay\OT1/lmr/m/n/10 )\OML/l
mm/m/it/10 =P\OT1/lmr/m/n/10 (\OML/lmm/m/it/10 Class \OT1/lmr/m/n/10 = \OML/lmm
/m/it/10 Barbunya\OT1/lmr/m/n/10 )) = \OML/lmm/m/it/10 b[] \OT1/lmr/m/n/10 + \O
ML/lmm/m/it/10 b[]Area \OT1/lmr/m/n/10 + \OML/lmm/m/it/10 b[]Perimeter \OT1/lmr
/m/n/10 + \OML/lmm/m/it/10 ::: \OT1/lmr/m/n/10 + \OML/lmm/m/it/10 b[]ShapeFacto
r\OT1/lmr/m/n/10 4
 []


Overfull \hbox (4.73218pt too wide) detected at line 628
\OML/lmm/m/it/10 ln\OT1/lmr/m/n/10 (\OML/lmm/m/it/10 P\OT1/lmr/m/n/10 (\OML/lmm
/m/it/10 Class \OT1/lmr/m/n/10 = \OML/lmm/m/it/10 Cali\OT1/lmr/m/n/10 )\OML/lmm
/m/it/10 =P\OT1/lmr/m/n/10 (\OML/lmm/m/it/10 Class \OT1/lmr/m/n/10 = \OML/lmm/m
/it/10 Barbunya\OT1/lmr/m/n/10 )) = \OML/lmm/m/it/10 b[] \OT1/lmr/m/n/10 + \OML
/lmm/m/it/10 b[]Area \OT1/lmr/m/n/10 + \OML/lmm/m/it/10 b[]Perimeter \OT1/lmr/m
/n/10 + \OML/lmm/m/it/10 ::: \OT1/lmr/m/n/10 + \OML/lmm/m/it/10 b[]ShapeFactor\
OT1/lmr/m/n/10 4
 []

[13] [14] [15] [16]
<CYO_DryBeanDataset_files/figure-latex/knn_cv-1.pdf, id=300, 469.755pt x 325.21
5pt>
File: CYO_DryBeanDataset_files/figure-latex/knn_cv-1.pdf Graphic file (type pdf
)
<use CYO_DryBeanDataset_files/figure-latex/knn_cv-1.pdf>
Package pdftex.def Info: CYO_DryBeanDataset_files/figure-latex/knn_cv-1.pdf  us
ed on input line 850.
(pdftex.def)             Requested size: 440.84581pt x 305.20094pt.
[17 <./CYO_DryBeanDataset_files/figure-latex/knn_cv-1.pdf>] [18]
<CYO_DryBeanDataset_files/figure-latex/class_tree_cv-1.pdf, id=318, 578.16pt x 
433.62pt>
File: CYO_DryBeanDataset_files/figure-latex/class_tree_cv-1.pdf Graphic file (t
ype pdf)
<use CYO_DryBeanDataset_files/figure-latex/class_tree_cv-1.pdf>
Package pdftex.def Info: CYO_DryBeanDataset_files/figure-latex/class_tree_cv-1.
pdf  used on input line 1002.
(pdftex.def)             Requested size: 440.84415pt x 330.63312pt.
[19] [20 <./CYO_DryBeanDataset_files/figure-latex/class_tree_cv-1.pdf>]
<CYO_DryBeanDataset_files/figure-latex/rf_cv-1.pdf, id=337, 469.755pt x 325.215
pt>
File: CYO_DryBeanDataset_files/figure-latex/rf_cv-1.pdf Graphic file (type pdf)

<use CYO_DryBeanDataset_files/figure-latex/rf_cv-1.pdf>
Package pdftex.def Info: CYO_DryBeanDataset_files/figure-latex/rf_cv-1.pdf  use
d on input line 1052.
(pdftex.def)             Requested size: 440.84581pt x 305.20094pt.
[21 <./CYO_DryBeanDataset_files/figure-latex/rf_cv-1.pdf>] [22] [23]
Overfull \hbox (46.29443pt too wide) in alignment at lines 1230--1234
 [] [] [] [] [] [] [] 
 []


Overfull \hbox (46.29443pt too wide) in alignment at lines 1234--1250
 [] [] [] [] [] [] [] 
 []

[24]
<CYO_DryBeanDataset_files/figure-latex/further_study_2-1.pdf, id=367, 469.755pt
 x 325.215pt>
File: CYO_DryBeanDataset_files/figure-latex/further_study_2-1.pdf Graphic file 
(type pdf)
<use CYO_DryBeanDataset_files/figure-latex/further_study_2-1.pdf>
Package pdftex.def Info: CYO_DryBeanDataset_files/figure-latex/further_study_2-
1.pdf  used on input line 1306.
(pdftex.def)             Requested size: 440.84581pt x 305.20094pt.
[25 <./CYO_DryBeanDataset_files/figure-latex/further_study_2-1.pdf>]
<CYO_DryBeanDataset_files/figure-latex/further_study_2-2.pdf, id=378, 469.755pt
 x 325.215pt>
File: CYO_DryBeanDataset_files/figure-latex/further_study_2-2.pdf Graphic file 
(type pdf)
<use CYO_DryBeanDataset_files/figure-latex/further_study_2-2.pdf>
Package pdftex.def Info: CYO_DryBeanDataset_files/figure-latex/further_study_2-
2.pdf  used on input line 1331.
(pdftex.def)             Requested size: 440.84581pt x 305.20094pt.
[26 <./CYO_DryBeanDataset_files/figure-latex/further_study_2-2.pdf>] [27] [28] 
(./CYO_DryBeanDataset.aux)
Package rerunfilecheck Info: File `CYO_DryBeanDataset.out' has not changed.
(rerunfilecheck)             Checksum: D26D3839768E2809CD804EC87DDF8197;6985.
 ) 
Here is how much of TeX's memory you used:
 11336 strings out of 480962
 169623 string characters out of 5905732
 501240 words of memory out of 5000000
 28219 multiletter control sequences out of 15000+600000
 449978 words of font info for 69 fonts, out of 8000000 for 9000
 14 hyphenation exceptions out of 8191
 71i,6n,74p,583b,473s stack positions out of 5000i,500n,10000p,200000b,80000s
{c:/Users/abent/AppData/Roaming/TinyTeX/texmf-dist/fonts/enc/dvips/lm/lm-math
it.enc}{c:/Users/abent/AppData/Roaming/TinyTeX/texmf-dist/fonts/enc/dvips/lm/lm
-rm.enc}{c:/Users/abent/AppData/Roaming/TinyTeX/texmf-dist/fonts/enc/dvips/lm/l
m-ts1.enc}{c:/Users/abent/AppData/Roaming/TinyTeX/texmf-dist/fonts/enc/dvips/lm
/lm-ec.enc}<c:/Users/abent/AppData/Roaming/TinyTeX/texmf-dist/fonts/type1/publi
c/lm/lmbx10.pfb><c:/Users/abent/AppData/Roaming/TinyTeX/texmf-dist/fonts/type1/
public/lm/lmbx12.pfb><c:/Users/abent/AppData/Roaming/TinyTeX/texmf-dist/fonts/t
ype1/public/lm/lmmi10.pfb><c:/Users/abent/AppData/Roaming/TinyTeX/texmf-dist/fo
nts/type1/public/lm/lmmi7.pfb><c:/Users/abent/AppData/Roaming/TinyTeX/texmf-dis
t/fonts/type1/public/lm/lmr10.pfb><c:/Users/abent/AppData/Roaming/TinyTeX/texmf
-dist/fonts/type1/public/lm/lmr12.pfb><c:/Users/abent/AppData/Roaming/TinyTeX/t
exmf-dist/fonts/type1/public/lm/lmr17.pfb><c:/Users/abent/AppData/Roaming/TinyT
eX/texmf-dist/fonts/type1/public/lm/lmr7.pfb><c:/Users/abent/AppData/Roaming/Ti
nyTeX/texmf-dist/fonts/type1/public/lm/lmtk10.pfb><c:/Users/abent/AppData/Roami
ng/TinyTeX/texmf-dist/fonts/type1/public/lm/lmtt10.pfb><c:/Users/abent/AppData/
Roaming/TinyTeX/texmf-dist/fonts/type1/public/lm/lmtti10.pfb>
Output written on CYO_DryBeanDataset.pdf (28 pages, 2638669 bytes).
PDF statistics:
 479 PDF objects out of 1000 (max. 8388607)
 407 compressed objects within 5 object streams
 116 named destinations out of 1000 (max. 500000)
 258 words of extra memory for PDF output out of 10000 (max. 10000000)

